<?xml version="1.0" encoding="UTF-8"?>
<robot generator="Robot 7.0 (Python 3.11.8 on win32)" generated="2024-03-23T17:37:14.085407" rpa="false" schemaversion="5">
<suite id="s1" name="Swag Labs" source="C:\Meus Arquivos\Estudos\Testes de Software\Swag Labs">
<suite id="s1-s1" name="Tests" source="C:\Meus Arquivos\Estudos\Testes de Software\Swag Labs\tests">
<suite id="s1-s1-s1" name="Cart" source="C:\Meus Arquivos\Estudos\Testes de Software\Swag Labs\tests\cart">
<suite id="s1-s1-s1-s1" name="Carrinho" source="C:\Meus Arquivos\Estudos\Testes de Software\Swag Labs\tests\cart\carrinho.robot">
<test id="s1-s1-s1-s1-t1" name="Test Case - Adicionar um item no carrinho e realizar o checkout" line="20">
<kw name="Abrir o Navegador" owner="setup_teardown" type="SETUP">
<kw name="Open Browser" owner="SeleniumLibrary">
<msg time="2024-03-23T17:37:15.078560" level="INFO">Opening browser 'Chrome' to base url 'https://www.saucedemo.com/'.</msg>
<arg>url=${URL}</arg>
<arg>browser=${Browser}</arg>
<doc>Opens a new browser instance to the optional ``url``.</doc>
<status status="PASS" start="2024-03-23T17:37:15.077525" elapsed="2.439087"/>
</kw>
<status status="PASS" start="2024-03-23T17:37:15.075526" elapsed="2.442085"/>
</kw>
<kw name="Dado que eu preencha o formulario" owner="login_formulario">
<kw name="Input Text" owner="SeleniumLibrary">
<msg time="2024-03-23T17:37:17.522613" level="INFO">Typing text 'standard_user' into text field 'id:user-name'.</msg>
<arg>${INPUT_USER}</arg>
<arg>${username}</arg>
<doc>Types the given ``text`` into the text field identified by ``locator``.</doc>
<status status="PASS" start="2024-03-23T17:37:17.521610" elapsed="0.175999"/>
</kw>
<kw name="Input Text" owner="SeleniumLibrary">
<msg time="2024-03-23T17:37:17.699613" level="INFO">Typing text 'secret_sauce' into text field 'id:password'.</msg>
<arg>${PASSOWORD_USER}</arg>
<arg>${password_users}</arg>
<doc>Types the given ``text`` into the text field identified by ``locator``.</doc>
<status status="PASS" start="2024-03-23T17:37:17.698612" elapsed="0.146996"/>
</kw>
<kw name="Sleep" owner="BuiltIn">
<msg time="2024-03-23T17:37:19.847540" level="INFO">Slept 2 seconds.</msg>
<arg>2s</arg>
<doc>Pauses the test executed for the given time.</doc>
<status status="PASS" start="2024-03-23T17:37:17.845608" elapsed="2.001932"/>
</kw>
<arg>${Users[0]}</arg>
<status status="PASS" start="2024-03-23T17:37:17.518611" elapsed="2.329802"/>
</kw>
<kw name="Clicar no botao e Realizar Login" owner="login_formulario">
<kw name="Click Element" owner="SeleniumLibrary">
<msg time="2024-03-23T17:37:19.851399" level="INFO">Clicking element 'id:login-button'.</msg>
<arg>${BUTTON_LOGIN}</arg>
<doc>Click the element identified by ``locator``.</doc>
<status status="PASS" start="2024-03-23T17:37:19.850365" elapsed="0.155771"/>
</kw>
<kw name="Sleep" owner="BuiltIn">
<msg time="2024-03-23T17:37:21.008110" level="INFO">Slept 1 second.</msg>
<arg>1s</arg>
<doc>Pauses the test executed for the given time.</doc>
<status status="PASS" start="2024-03-23T17:37:20.007134" elapsed="1.000976"/>
</kw>
<status status="PASS" start="2024-03-23T17:37:19.850365" elapsed="1.158748"/>
</kw>
<kw name="Verifica se foi Exibido a pagina principal" owner="login_formulario">
<kw name="Element Should Be Visible" owner="SeleniumLibrary">
<msg time="2024-03-23T17:37:21.064084" level="INFO">Element 'id:inventory_container' is displayed.</msg>
<arg>${SHOP}</arg>
<doc>Verifies that the element identified by ``locator`` is visible.</doc>
<status status="PASS" start="2024-03-23T17:37:21.013116" elapsed="0.050968"/>
</kw>
<kw name="Sleep" owner="BuiltIn">
<msg time="2024-03-23T17:37:22.067035" level="INFO">Slept 1 second.</msg>
<arg>1s</arg>
<doc>Pauses the test executed for the given time.</doc>
<status status="PASS" start="2024-03-23T17:37:21.065086" elapsed="1.001949"/>
</kw>
<status status="PASS" start="2024-03-23T17:37:21.011120" elapsed="1.055915"/>
</kw>
<kw name="Clicar no botao e adicionar um item ao carrinho" owner="carrinho">
<kw name="Click Element" owner="SeleniumLibrary">
<msg time="2024-03-23T17:37:22.071063" level="INFO">Clicking element 'id:add-to-cart-sauce-labs-backpack'.</msg>
<arg>${button_Add}</arg>
<doc>Click the element identified by ``locator``.</doc>
<status status="PASS" start="2024-03-23T17:37:22.070039" elapsed="0.069982"/>
</kw>
<kw name="Sleep" owner="BuiltIn">
<msg time="2024-03-23T17:37:23.141292" level="INFO">Slept 1 second.</msg>
<arg>1s</arg>
<doc>Pauses the test executed for the given time.</doc>
<status status="PASS" start="2024-03-23T17:37:22.140021" elapsed="1.001271"/>
</kw>
<kw name="Click Element" owner="SeleniumLibrary">
<msg time="2024-03-23T17:37:23.146288" level="INFO">Clicking element 'class:shopping_cart_link'.</msg>
<arg>${cart_icon}</arg>
<doc>Click the element identified by ``locator``.</doc>
<status status="PASS" start="2024-03-23T17:37:23.143284" elapsed="0.134575"/>
</kw>
<kw name="Sleep" owner="BuiltIn">
<msg time="2024-03-23T17:37:25.279660" level="INFO">Slept 2 seconds.</msg>
<arg>2s</arg>
<doc>Pauses the test executed for the given time.</doc>
<status status="PASS" start="2024-03-23T17:37:23.277859" elapsed="2.002710"/>
</kw>
<kw name="Element Should Be Visible" owner="SeleniumLibrary">
<msg time="2024-03-23T17:37:25.346786" level="INFO">Element 'class:shopping_cart_badge' is displayed.</msg>
<arg>${cart_badge}</arg>
<doc>Verifies that the element identified by ``locator`` is visible.</doc>
<status status="PASS" start="2024-03-23T17:37:25.281572" elapsed="0.065214"/>
</kw>
<kw name="Element Should Be Visible" owner="SeleniumLibrary">
<msg time="2024-03-23T17:37:25.385076" level="INFO">Element 'class:cart_item' is displayed.</msg>
<arg>${cart_item}</arg>
<doc>Verifies that the element identified by ``locator`` is visible.</doc>
<status status="PASS" start="2024-03-23T17:37:25.347833" elapsed="0.037243"/>
</kw>
<kw name="Click Element" owner="SeleniumLibrary">
<msg time="2024-03-23T17:37:25.386076" level="INFO">Clicking element 'id:continue-shopping'.</msg>
<arg>${continue-shopping}</arg>
<doc>Click the element identified by ``locator``.</doc>
<status status="PASS" start="2024-03-23T17:37:25.385076" elapsed="0.084793"/>
</kw>
<kw name="Sleep" owner="BuiltIn">
<msg time="2024-03-23T17:37:26.470110" level="INFO">Slept 1 second.</msg>
<arg>1s</arg>
<doc>Pauses the test executed for the given time.</doc>
<status status="PASS" start="2024-03-23T17:37:25.469869" elapsed="1.000241"/>
</kw>
<status status="PASS" start="2024-03-23T17:37:22.069040" elapsed="4.401070"/>
</kw>
<kw name="Clicar no botao de Checkout" owner="carrinho">
<kw name="Element Should Be Visible" owner="SeleniumLibrary">
<msg time="2024-03-23T17:37:26.493991" level="INFO">Element 'class:shopping_cart_link' is displayed.</msg>
<arg>${cart_icon}</arg>
<doc>Verifies that the element identified by ``locator`` is visible.</doc>
<status status="PASS" start="2024-03-23T17:37:26.472106" elapsed="0.022882"/>
</kw>
<kw name="Click Element" owner="SeleniumLibrary">
<msg time="2024-03-23T17:37:26.495985" level="INFO">Clicking element 'class:shopping_cart_link'.</msg>
<arg>${cart_icon}</arg>
<doc>Click the element identified by ``locator``.</doc>
<status status="PASS" start="2024-03-23T17:37:26.494988" elapsed="0.077333"/>
</kw>
<kw name="Element Should Be Visible" owner="SeleniumLibrary">
<msg time="2024-03-23T17:37:26.610320" level="INFO">Element 'id:checkout' is displayed.</msg>
<arg>${checkout_btn}</arg>
<arg>Elemento Visivel</arg>
<doc>Verifies that the element identified by ``locator`` is visible.</doc>
<status status="PASS" start="2024-03-23T17:37:26.573320" elapsed="0.037000"/>
</kw>
<kw name="Click Element" owner="SeleniumLibrary">
<msg time="2024-03-23T17:37:26.612321" level="INFO">Clicking element 'id:checkout'.</msg>
<arg>${checkout_btn}</arg>
<doc>Click the element identified by ``locator``.</doc>
<status status="PASS" start="2024-03-23T17:37:26.610320" elapsed="0.086005"/>
</kw>
<kw name="Sleep" owner="BuiltIn">
<msg time="2024-03-23T17:37:28.699119" level="INFO">Slept 2 seconds.</msg>
<arg>2s</arg>
<doc>Pauses the test executed for the given time.</doc>
<status status="PASS" start="2024-03-23T17:37:26.697322" elapsed="2.001797"/>
</kw>
<status status="PASS" start="2024-03-23T17:37:26.471107" elapsed="2.228012"/>
</kw>
<kw name="Preencher as informacoes de Checkout" owner="carrinho">
<kw name="Input Text" owner="SeleniumLibrary">
<msg time="2024-03-23T17:37:28.701119" level="INFO">Typing text 'standard' into text field 'id:first-name'.</msg>
<arg>${fisrt_name}</arg>
<arg>standard</arg>
<doc>Types the given ``text`` into the text field identified by ``locator``.</doc>
<status status="PASS" start="2024-03-23T17:37:28.701119" elapsed="0.148119"/>
</kw>
<kw name="Input Text" owner="SeleniumLibrary">
<msg time="2024-03-23T17:37:28.850234" level="INFO">Typing text 'user' into text field 'id:last-name'.</msg>
<arg>${last_name}</arg>
<arg>user</arg>
<doc>Types the given ``text`` into the text field identified by ``locator``.</doc>
<status status="PASS" start="2024-03-23T17:37:28.849238" elapsed="0.132001"/>
</kw>
<kw name="Input Text" owner="SeleniumLibrary">
<msg time="2024-03-23T17:37:28.983235" level="INFO">Typing text '1234567' into text field 'id:postal-code'.</msg>
<arg>${postal_code}</arg>
<arg>1234567</arg>
<doc>Types the given ``text`` into the text field identified by ``locator``.</doc>
<status status="PASS" start="2024-03-23T17:37:28.982238" elapsed="0.126999"/>
</kw>
<kw name="Sleep" owner="BuiltIn">
<msg time="2024-03-23T17:37:30.110734" level="INFO">Slept 1 second.</msg>
<arg>1s</arg>
<doc>Pauses the test executed for the given time.</doc>
<status status="PASS" start="2024-03-23T17:37:29.110236" elapsed="1.000498"/>
</kw>
<kw name="Click Element" owner="SeleniumLibrary">
<msg time="2024-03-23T17:37:30.111702" level="INFO">Clicking element 'id:continue'.</msg>
<arg>${button-continue}</arg>
<doc>Click the element identified by ``locator``.</doc>
<status status="PASS" start="2024-03-23T17:37:30.110734" elapsed="0.084352"/>
</kw>
<kw name="Sleep" owner="BuiltIn">
<msg time="2024-03-23T17:37:31.196993" level="INFO">Slept 1 second.</msg>
<arg>1s</arg>
<doc>Pauses the test executed for the given time.</doc>
<status status="PASS" start="2024-03-23T17:37:30.195086" elapsed="1.001907"/>
</kw>
<status status="PASS" start="2024-03-23T17:37:28.700117" elapsed="2.496876"/>
</kw>
<kw name="Verificar se foi exibido a compra e finalizar" owner="carrinho">
<kw name="Element Should Be Visible" owner="SeleniumLibrary">
<msg time="2024-03-23T17:37:31.222953" level="INFO">Element 'class:cart_item' is displayed.</msg>
<arg>${cart_item}</arg>
<doc>Verifies that the element identified by ``locator`` is visible.</doc>
<status status="PASS" start="2024-03-23T17:37:31.198790" elapsed="0.024163"/>
</kw>
<kw name="Sleep" owner="BuiltIn">
<msg time="2024-03-23T17:37:32.224145" level="INFO">Slept 1 second.</msg>
<arg>1s</arg>
<doc>Pauses the test executed for the given time.</doc>
<status status="PASS" start="2024-03-23T17:37:31.222953" elapsed="1.001192"/>
</kw>
<kw name="Click Element" owner="SeleniumLibrary">
<msg time="2024-03-23T17:37:32.225043" level="INFO">Clicking element 'id:finish'.</msg>
<arg>${finish-shop}</arg>
<doc>Click the element identified by ``locator``.</doc>
<status status="PASS" start="2024-03-23T17:37:32.224145" elapsed="0.064922"/>
</kw>
<kw name="Sleep" owner="BuiltIn">
<msg time="2024-03-23T17:37:33.290898" level="INFO">Slept 1 second.</msg>
<arg>1s</arg>
<doc>Pauses the test executed for the given time.</doc>
<status status="PASS" start="2024-03-23T17:37:32.289067" elapsed="1.001831"/>
</kw>
<status status="PASS" start="2024-03-23T17:37:31.198790" elapsed="2.093112"/>
</kw>
<kw name="Mensagem de compra finalizada com sucesso e voltar a pagina principal" owner="carrinho">
<kw name="Element Should Be Visible" owner="SeleniumLibrary">
<msg time="2024-03-23T17:37:33.338206" level="INFO">Element 'id:checkout_complete_container' is displayed.</msg>
<arg>${message-checkout}</arg>
<arg>messagem exibida com sucesso</arg>
<doc>Verifies that the element identified by ``locator`` is visible.</doc>
<status status="PASS" start="2024-03-23T17:37:33.294853" elapsed="0.043353"/>
</kw>
<kw name="Sleep" owner="BuiltIn">
<msg time="2024-03-23T17:37:34.340344" level="INFO">Slept 1 second.</msg>
<arg>1s</arg>
<doc>Pauses the test executed for the given time.</doc>
<status status="PASS" start="2024-03-23T17:37:33.339248" elapsed="1.001096"/>
</kw>
<kw name="Click Element" owner="SeleniumLibrary">
<msg time="2024-03-23T17:37:34.341304" level="INFO">Clicking element 'id:back-to-products'.</msg>
<arg>${return-products}</arg>
<doc>Click the element identified by ``locator``.</doc>
<status status="PASS" start="2024-03-23T17:37:34.340344" elapsed="0.071129"/>
</kw>
<kw name="Sleep" owner="BuiltIn">
<msg time="2024-03-23T17:37:35.412825" level="INFO">Slept 1 second.</msg>
<arg>1s</arg>
<doc>Pauses the test executed for the given time.</doc>
<status status="PASS" start="2024-03-23T17:37:34.412477" elapsed="1.000348"/>
</kw>
<kw name="Element Should Be Visible" owner="SeleniumLibrary">
<msg time="2024-03-23T17:37:35.438831" level="INFO">Element 'id:inventory_container' is displayed.</msg>
<arg>${container-items}</arg>
<doc>Verifies that the element identified by ``locator`` is visible.</doc>
<status status="PASS" start="2024-03-23T17:37:35.412825" elapsed="0.026006"/>
</kw>
<kw name="Sleep" owner="BuiltIn">
<msg time="2024-03-23T17:37:36.440776" level="INFO">Slept 1 second.</msg>
<arg>1s</arg>
<doc>Pauses the test executed for the given time.</doc>
<status status="PASS" start="2024-03-23T17:37:35.439830" elapsed="1.000946"/>
</kw>
<status status="PASS" start="2024-03-23T17:37:33.293855" elapsed="3.146921"/>
</kw>
<kw name="Fechar o Navegador" owner="setup_teardown" type="TEARDOWN">
<kw name="Sleep" owner="BuiltIn">
<msg time="2024-03-23T17:37:41.444870" level="INFO">Slept 5 seconds.</msg>
<arg>5s</arg>
<doc>Pauses the test executed for the given time.</doc>
<status status="PASS" start="2024-03-23T17:37:36.443775" elapsed="5.001095"/>
</kw>
<kw name="Close Browser" owner="SeleniumLibrary">
<doc>Closes the current browser.</doc>
<status status="PASS" start="2024-03-23T17:37:41.445869" elapsed="2.183486"/>
</kw>
<status status="PASS" start="2024-03-23T17:37:36.442774" elapsed="7.186581"/>
</kw>
<status status="PASS" start="2024-03-23T17:37:15.073526" elapsed="28.556844"/>
</test>
<status status="PASS" start="2024-03-23T17:37:14.153407" elapsed="29.479952"/>
</suite>
<status status="PASS" start="2024-03-23T17:37:14.147405" elapsed="29.489953"/>
</suite>
<status status="PASS" start="2024-03-23T17:37:14.141407" elapsed="29.498952"/>
</suite>
<status status="PASS" start="2024-03-23T17:37:14.093406" elapsed="29.549951"/>
</suite>
<statistics>
<total>
<stat pass="1" fail="0" skip="0">All Tests</stat>
</total>
<tag>
</tag>
<suite>
<stat pass="1" fail="0" skip="0" id="s1" name="Swag Labs">Swag Labs</stat>
<stat pass="1" fail="0" skip="0" id="s1-s1" name="Tests">Swag Labs.Tests</stat>
<stat pass="1" fail="0" skip="0" id="s1-s1-s1" name="Cart">Swag Labs.Tests.Cart</stat>
<stat pass="1" fail="0" skip="0" id="s1-s1-s1-s1" name="Carrinho">Swag Labs.Tests.Cart.Carrinho</stat>
</suite>
</statistics>
<errors>
</errors>
</robot>
